<?xml version="1.0" encoding="UTF-8"?>
<!-- Generated by org.testng.reporters.JUnitXMLReporter -->
<testsuite hostname="ATMECSINLT-647" ignored="0" name="Add Customer Test" tests="3" failures="0" timestamp="2020-12-31T16:35:39 IST" time="8.842" errors="0">
  <testcase name="addCustomerTest" time="5.264" classname="com.learning.testcases.AddCustomerTest"/>
  <testcase name="addCustomerTest" time="0.0" classname="com.learning.testcases.AddCustomerTest">
    <skipped/>
  </testcase> <!-- addCustomerTest -->
  <testcase name="addCustomerTest" time="3.423" classname="com.learning.testcases.AddCustomerTest"/>
</testsuite> <!-- Add Customer Test -->
