<?xml version="1.0" encoding="UTF-8"?>
<!-- Generated by org.testng.reporters.JUnitXMLReporter -->
<testsuite hostname="ATMECSINLT-647" ignored="0" name="Bank Manager Login Test" tests="1" failures="1" timestamp="2020-12-31T16:35:29 IST" time="6.073" errors="0">
  <testcase name="bankManagerLoginTest" time="5.138" classname="com.learning.testcases.BankManagerLoginTest">
    <failure type="java.lang.AssertionError" message="Bank Manager Login failed">
      <![CDATA[java.lang.AssertionError: Bank Manager Login failed
at com.learning.testcases.BankManagerLoginTest.bankManagerLoginTest(BankManagerLoginTest.java:40)
at java.util.ArrayList.forEach(ArrayList.java:1257)
... Removed 31 stack frames]]>
    </failure>
  </testcase> <!-- bankManagerLoginTest -->
</testsuite> <!-- Bank Manager Login Test -->
