<?xml version="1.0" encoding="UTF-8"?>
<!-- Generated by org.testng.reporters.JUnitXMLReporter -->
<testsuite hostname="ATMECSINLT-647" ignored="0" name="Open Account Test" tests="3" failures="0" timestamp="2020-12-31T16:35:47 IST" time="7.884" errors="0">
  <testcase name="openAccountTest" time="4.325" classname="com.learning.testcases.OpenAccountTest"/>
  <testcase name="openAccountTest" time="0.0" classname="com.learning.testcases.OpenAccountTest">
    <skipped/>
  </testcase> <!-- openAccountTest -->
  <testcase name="openAccountTest" time="3.299" classname="com.learning.testcases.OpenAccountTest"/>
</testsuite> <!-- Open Account Test -->
