<?xml version="1.0" encoding="UTF-8"?>
<!-- Generated by org.testng.reporters.JUnitXMLReporter -->
<testsuite hostname="ATMECSINLT-647" ignored="0" name="Add Customer Test" tests="3" failures="3" timestamp="2020-12-30T12:07:08 IST" time="12.01" errors="0">
  <testcase name="addCustomer" time="4.805" classname="com.learning.testcases.AddCustomerTest">
    <failure type="java.lang.AssertionError" message="Customer added - FAIL">
      <![CDATA[java.lang.AssertionError: Customer added - FAIL
at com.learning.testcases.AddCustomerTest.addCustomer(AddCustomerTest.java:32)
at java.util.ArrayList.forEach(ArrayList.java:1257)
... Removed 28 stack frames]]>
    </failure>
  </testcase> <!-- addCustomer -->
  <testcase name="addCustomer" time="3.698" classname="com.learning.testcases.AddCustomerTest">
    <failure type="java.lang.AssertionError" message="Customer added - FAIL">
      <![CDATA[java.lang.AssertionError: Customer added - FAIL
at com.learning.testcases.AddCustomerTest.addCustomer(AddCustomerTest.java:32)
at java.util.ArrayList.forEach(ArrayList.java:1257)
... Removed 28 stack frames]]>
    </failure>
  </testcase> <!-- addCustomer -->
  <testcase name="addCustomer" time="3.484" classname="com.learning.testcases.AddCustomerTest">
    <failure type="java.lang.AssertionError" message="Customer added - FAIL">
      <![CDATA[java.lang.AssertionError: Customer added - FAIL
at com.learning.testcases.AddCustomerTest.addCustomer(AddCustomerTest.java:32)
at java.util.ArrayList.forEach(ArrayList.java:1257)
... Removed 28 stack frames]]>
    </failure>
  </testcase> <!-- addCustomer -->
</testsuite> <!-- Add Customer Test -->
