<?xml version="1.0" encoding="UTF-8"?>
<!-- Generated by org.testng.reporters.JUnitXMLReporter -->
<testsuite hostname="ATMECSINLT-647" ignored="0" name="Bank Manager Login Test" tests="1" failures="1" timestamp="2020-12-30T12:06:56 IST" time="2.488" errors="0">
  <testcase name="loginAsBankManager" time="2.461" classname="com.learning.testcases.BankManagerLoginTest">
    <failure type="java.lang.AssertionError" message="Bank Manager Login failed">
      <![CDATA[java.lang.AssertionError: Bank Manager Login failed
at com.learning.testcases.BankManagerLoginTest.loginAsBankManager(BankManagerLoginTest.java:31)
at java.util.ArrayList.forEach(ArrayList.java:1257)
... Removed 28 stack frames]]>
    </failure>
  </testcase> <!-- loginAsBankManager -->
</testsuite> <!-- Bank Manager Login Test -->
